** Drc report for Kicad-schema.kicad_pcb **
** Created on 2026-04-25T01:10:14 **
** Report includes: Errors, Warnings **

** Found 28 DRC violations **
[silk_overlap]: Silkscreen clearance
    Rule: board setup constraints silk; warning
    @(140.6536 mm, 79.8800 mm): Segment of R2 on B.Silkscreen
    @(141.0000 mm, 79.3400 mm): Reference field of C3
[silk_overlap]: Silkscreen clearance
    Rule: board setup constraints silk; warning
    @(141.0000 mm, 79.3400 mm): Reference field of C3
    @(140.5000 mm, 78.3300 mm): Reference field of R2
[silk_overlap]: Silkscreen clearance
    Rule: board setup constraints silk; warning
    @(140.6536 mm, 79.1200 mm): Segment of R2 on B.Silkscreen
    @(141.0000 mm, 79.3400 mm): Reference field of C3
[silk_overlap]: Silkscreen clearance
    Rule: board setup constraints silk; warning
    @(130.0000 mm, 76.1000 mm): Reference field of U7
    @(131.1078 mm, 75.8600 mm): Segment of C1 on B.Silkscreen
[silk_over_copper]: Silkscreen clipped by solder mask
    Local override; warning
    @(141.0000 mm, 79.3400 mm): Reference field of C3
    @(139.9900 mm, 79.5000 mm): Pad 2 [Net-(U1-CHIP_EN)] of R2 on B.Cu
[silk_over_copper]: Silkscreen clipped by solder mask
    Local override; warning
    @(141.0000 mm, 79.3400 mm): Reference field of C3
    @(141.0100 mm, 79.5000 mm): Pad 1 [Net-(U2-AD0)] of R2 on B.Cu
[silk_over_copper]: Silkscreen clipped by solder mask
    Local override; warning
    @(130.0000 mm, 76.1000 mm): Reference field of U7
    @(130.5200 mm, 75.5000 mm): Pad 2 [GND] of C1 on B.Cu
[lib_footprint_mismatch]: Footprint 'InvenSense_QFN-24_4x4mm_P0.5mm' does not match copy in library 'Sensor_Motion'
    Local override; warning
    @(155.2500 mm, 80.5000 mm): Footprint U2
[lib_footprint_mismatch]: Footprint 'C_0402_1005Metric' does not match copy in library 'Capacitor_SMD'
    Local override; warning
    @(122.5000 mm, 85.4000 mm): Footprint P1
[silk_edge_clearance]: Silkscreen clipped by board edge
    Rule: board setup constraints silk; warning
    @(144.4950 mm, 85.4250 mm): Circle on Edge.Cuts
    @(122.5000 mm, 78.9500 mm): Reference field of REF**
[track_dangling]: Track has unconnected end
    Local override; warning
    @(145.6450 mm, 85.4250 mm): Track [GND] on F.Cu, length 1.2880 mm
[track_dangling]: Track has unconnected end
    Local override; warning
    @(139.9900 mm, 79.5000 mm): Track [GND] on F.Cu, length 5.6550 mm
[track_dangling]: Track has unconnected end
    Local override; warning
    @(128.0250 mm, 87.5000 mm): Track [GND] on F.Cu, length 0.3650 mm
[track_dangling]: Track has unconnected end
    Local override; warning
    @(156.5000 mm, 90.3250 mm): Track [GND] on F.Cu, length 11.7750 mm
[track_dangling]: Track has unconnected end
    Local override; warning
    @(146.1000 mm, 89.0000 mm): Track [GND] on F.Cu, length 9.7000 mm
[track_dangling]: Track has unconnected end
    Local override; warning
    @(132.4900 mm, 79.4500 mm): Track [GND] on F.Cu, length 3.0500 mm
[track_dangling]: Track has unconnected end
    Local override; warning
    @(145.3000 mm, 91.5000 mm): Track [GND] on F.Cu, length 7.2000 mm
[track_dangling]: Track has unconnected end
    Local override; warning
    @(133.4800 mm, 75.5000 mm): Track [GND] on F.Cu, length 2.9700 mm
[track_dangling]: Track has unconnected end
    Local override; warning
    @(130.5000 mm, 90.4050 mm): Track [GND] on F.Cu, length 0.4050 mm
[track_dangling]: Track has unconnected end
    Local override; warning
    @(137.0100 mm, 100.0000 mm): Track [GND] on F.Cu, length 7.5200 mm
[track_dangling]: Track has unconnected end
    Local override; warning
    @(140.5200 mm, 80.5000 mm): Track [GND] on F.Cu, length 5.2250 mm
[track_dangling]: Track has unconnected end
    Local override; warning
    @(160.6500 mm, 82.4500 mm): Track [GND] on F.Cu, length 7.8750 mm
[track_dangling]: Track has unconnected end
    Local override; warning
    @(142.9000 mm, 96.3000 mm): Track [GND] on F.Cu, length 0.8000 mm
[track_dangling]: Track has unconnected end
    Local override; warning
    @(133.0000 mm, 88.0000 mm): Track [GND] on F.Cu, length 1.5000 mm
[track_dangling]: Track has unconnected end
    Local override; warning
    @(156.0000 mm, 89.0550 mm): Track [GND] on F.Cu, length 10.5050 mm
[track_dangling]: Track has unconnected end
    Local override; warning
    @(129.3000 mm, 86.2544 mm): Track [Net-(U2-AD0)] on B.Cu, length 1.3106 mm
[track_dangling]: Track has unconnected end
    Local override; warning
    @(127.7021 mm, 83.2300 mm): Track [Net-(U1-GPIO8)] on B.Cu, length 5.6539 mm
[track_dangling]: Track has unconnected end
    Local override; warning
    @(134.2500 mm, 85.7500 mm): Track [Net-(U1-GPIO9/BOOT)] on B.Cu, length 3.0850 mm

** Found 40 unconnected pads **
[unconnected_items]: Missing connection between items
    Local override; error
    @(128.0250 mm, 89.1350 mm): Pad 6 [GND] of U6 on B.Cu
    @(128.0250 mm, 88.9750 mm): Track [GND] on F.Cu, length 1.3789 mm
[unconnected_items]: Missing connection between items
    Local override; error
    @(130.5200 mm, 75.5000 mm): Pad 2 [GND] of C1 on B.Cu
    @(130.5100 mm, 75.5000 mm): Track [GND] on F.Cu, length 24.5000 mm
[unconnected_items]: Missing connection between items
    Local override; error
    @(131.1375 mm, 78.5000 mm): Pad 2 [GND] of U7 on B.Cu
    @(128.8630 mm, 77.5500 mm): Track [GND] on F.Cu, length 2.6170 mm
[unconnected_items]: Missing connection between items
    Local override; error
    @(132.9750 mm, 86.5950 mm): Pad 1 [GND] of U6 on B.Cu
    @(133.0000 mm, 88.0000 mm): Track [GND] on F.Cu, length 1.5000 mm
[unconnected_items]: Missing connection between items
    Local override; error
    @(132.9750 mm, 87.8650 mm): Pad 2 [GND] of U6 on B.Cu
    @(129.0000 mm, 88.0000 mm): Track [GND] on F.Cu, length 4.0000 mm
[unconnected_items]: Missing connection between items
    Local override; error
    @(135.9900 mm, 100.0000 mm): Pad 2 [GND] of R1 on B.Cu
    @(137.0100 mm, 100.0000 mm): Track [GND] on F.Cu, length 7.5200 mm
[unconnected_items]: Missing connection between items
    Local override; error
    @(142.9000 mm, 96.3000 mm): Track [GND] on F.Cu, length 0.8000 mm
    @(144.5000 mm, 96.3000 mm): Pad 4 [GND] of U5 on B.Cu
[unconnected_items]: Missing connection between items
    Local override; error
    @(144.4950 mm, 84.2750 mm): Pad 33 [GND] of U1 on B.Cu
    @(145.2450 mm, 83.5250 mm): Track [GND] on F.Cu, length 3.1880 mm
[unconnected_items]: Missing connection between items
    Local override; error
    @(145.3000 mm, 91.5000 mm): Track [GND] on F.Cu, length 7.2000 mm
    @(143.7000 mm, 98.7000 mm): Pad 12 [GND] of U5 on B.Cu
[unconnected_items]: Missing connection between items
    Local override; error
    @(151.3500 mm, 86.7130 mm): Track [GND] on F.Cu, length 3.6120 mm
    @(151.3500 mm, 92.8650 mm): Pad 13 [GND] of U4 on B.Cu
[unconnected_items]: Missing connection between items
    Local override; error
    @(151.3500 mm, 92.8650 mm): Pad 13 [GND] of U4 on B.Cu
    @(151.3500 mm, 94.1350 mm): Track [GND] on B.Cu, length 1.2700 mm
[unconnected_items]: Missing connection between items
    Local override; error
    @(151.3500 mm, 96.6750 mm): Pad 10 [GND] of U4 on B.Cu
    @(151.3500 mm, 94.1350 mm): Track [GND] on B.Cu, length 1.2700 mm
[unconnected_items]: Missing connection between items
    Local override; error
    @(151.3500 mm, 97.9450 mm): Pad 9 [GND] of U4 on B.Cu
    @(151.3500 mm, 96.6750 mm): Pad 10 [GND] of U4 on B.Cu
[unconnected_items]: Missing connection between items
    Local override; error
    @(141.4800 mm, 80.5000 mm): Track [GND] on F.Cu, length 11.8200 mm
    @(153.3000 mm, 79.2500 mm): Pad 18 [GND] of U2 on B.Cu
[unconnected_items]: Missing connection between items
    Local override; error
    @(156.5000 mm, 90.3250 mm): Track [GND] on F.Cu, length 11.7750 mm
    @(157.2000 mm, 79.2500 mm): Pad 1 [GND] of U2 on B.Cu
[unconnected_items]: Missing connection between items
    Local override; error
    @(160.6500 mm, 94.1350 mm): Track [GND] on B.Cu, length 1.2700 mm
    @(160.6500 mm, 82.4500 mm): Track [GND] on F.Cu, length 7.8750 mm
[unconnected_items]: Missing connection between items
    Local override; error
    @(128.8625 mm, 77.5500 mm): Pad 5 [Net-(U2-AD0)] of U7 on B.Cu
    @(126.0000 mm, 78.2700 mm): PTH pad 2 [Net-(U2-AD0)] of U3
[unconnected_items]: Missing connection between items
    Local override; error
    @(131.4800 mm, 75.5000 mm): Pad 1 [Net-(U2-AD0)] of C1 on B.Cu
    @(128.8625 mm, 77.5500 mm): Pad 5 [Net-(U2-AD0)] of U7 on B.Cu
[unconnected_items]: Missing connection between items
    Local override; error
    @(132.5200 mm, 75.5000 mm): Pad 2 [Net-(U2-AD0)] of C2 on B.Cu
    @(131.4800 mm, 75.5000 mm): Pad 1 [Net-(U2-AD0)] of C1 on B.Cu
[unconnected_items]: Missing connection between items
    Local override; error
    @(133.5100 mm, 76.4661 mm): Track [Net-(U2-AD0)] on B.Cu, length 0.8627 mm
    @(132.5200 mm, 75.5000 mm): Pad 2 [Net-(U2-AD0)] of C2 on B.Cu
[unconnected_items]: Missing connection between items
    Local override; error
    @(133.5100 mm, 82.5000 mm): Pad 1 [Net-(U2-AD0)] of R5 on B.Cu
    @(129.3000 mm, 86.2544 mm): Track [Net-(U2-AD0)] on B.Cu, length 1.3106 mm
[unconnected_items]: Missing connection between items
    Local override; error
    @(140.3900 mm, 78.8800 mm): Track [Net-(U2-AD0)] on B.Cu, length 0.8768 mm
    @(141.4800 mm, 80.5000 mm): Pad 1 [Net-(U2-AD0)] of C3 on B.Cu
[unconnected_items]: Missing connection between items
    Local override; error
    @(141.4800 mm, 80.5000 mm): Pad 1 [Net-(U2-AD0)] of C3 on B.Cu
    @(142.0100 mm, 89.0000 mm): Pad 1 [Net-(U2-AD0)] of R3 on B.Cu
[unconnected_items]: Missing connection between items
    Local override; error
    @(142.0100 mm, 91.5000 mm): Pad 1 [Net-(U2-AD0)] of R4 on B.Cu
    @(142.0100 mm, 89.0000 mm): Pad 1 [Net-(U2-AD0)] of R3 on B.Cu
[unconnected_items]: Missing connection between items
    Local override; error
    @(142.0100 mm, 91.5000 mm): Pad 1 [Net-(U2-AD0)] of R4 on B.Cu
    @(144.5000 mm, 98.7000 mm): Track [Net-(U2-AD0)] on B.Cu, length 1.6000 mm
[unconnected_items]: Missing connection between items
    Local override; error
    @(150.2844 mm, 92.1950 mm): Track [Net-(U2-AD0)] on B.Cu, length 0.3669 mm
    @(146.1000 mm, 98.7000 mm): Pad 9 [Net-(U2-AD0)] of U5 on B.Cu
[unconnected_items]: Missing connection between items
    Local override; error
    @(126.0000 mm, 75.7300 mm): PTH pad 3 [Net-(U1-GPIO8)] of U3
    @(127.7021 mm, 83.2300 mm): Track [Net-(U1-GPIO8)] on B.Cu, length 5.6539 mm
[unconnected_items]: Missing connection between items
    Local override; error
    @(132.0000 mm, 90.4050 mm): Track [Net-(U1-GPIO8)] on B.Cu, length 0.9750 mm
    @(140.9900 mm, 89.0000 mm): Pad 2 [Net-(U1-GPIO8)] of R3 on B.Cu
[unconnected_items]: Missing connection between items
    Local override; error
    @(140.9900 mm, 89.0000 mm): Pad 2 [Net-(U1-GPIO8)] of R3 on B.Cu
    @(140.9200 mm, 86.4051 mm): Track [Net-(U1-GPIO8)] on B.Cu, length 2.0434 mm
[unconnected_items]: Missing connection between items
    Local override; error
    @(142.9000 mm, 96.3000 mm): Pad 2 [Net-(U1-GPIO8)] of U5 on B.Cu
    @(140.9900 mm, 89.0000 mm): Pad 2 [Net-(U1-GPIO8)] of R3 on B.Cu
[unconnected_items]: Missing connection between items
    Local override; error
    @(125.3500 mm, 82.7537 mm): Track [Net-(U1-GPIO9/BOOT)] on B.Cu, length 0.9527 mm
    @(126.0000 mm, 73.1900 mm): PTH pad 4 [Net-(U1-GPIO9/BOOT)] of U3
[unconnected_items]: Missing connection between items
    Local override; error
    @(146.9325 mm, 82.5250 mm): Pad 1 [Net-(U1-CHIP_EN)] of U1 on B.Cu
    @(139.9900 mm, 79.5000 mm): Pad 2 [Net-(U1-CHIP_EN)] of R2 on B.Cu
[unconnected_items]: Missing connection between items
    Local override; error
    @(146.9325 mm, 85.5250 mm): Pad 7 [Net-(U1-CHIP_EN)] of U1 on B.Cu
    @(146.9325 mm, 82.5250 mm): Pad 1 [Net-(U1-CHIP_EN)] of U1 on B.Cu
[unconnected_items]: Missing connection between items
    Local override; error
    @(140.5200 mm, 80.5000 mm): Pad 2 [Net-(U1-VDD3P3_CPU)] of C3 on B.Cu
    @(145.7450 mm, 81.8375 mm): Pad 31 [Net-(U1-VDD3P3_CPU)] of U1 on B.Cu
[unconnected_items]: Missing connection between items
    Local override; error
    @(142.0575 mm, 86.0250 mm): Pad 17 [Net-(U1-VDD3P3_CPU)] of U1 on B.Cu
    @(145.2450 mm, 86.7125 mm): Pad 11 [Net-(U1-VDD3P3_CPU)] of U1 on B.Cu
[unconnected_items]: Missing connection between items
    Local override; error
    @(145.2450 mm, 86.7125 mm): Pad 11 [Net-(U1-VDD3P3_CPU)] of U1 on B.Cu
    @(146.9325 mm, 83.5250 mm): Pad 3 [Net-(U1-VDD3P3_CPU)] of U1 on B.Cu
[unconnected_items]: Missing connection between items
    Local override; error
    @(146.2450 mm, 81.8375 mm): Pad 32 [Net-(U1-VDD3P3_CPU)] of U1 on B.Cu
    @(145.7450 mm, 81.8375 mm): Pad 31 [Net-(U1-VDD3P3_CPU)] of U1 on B.Cu
[unconnected_items]: Missing connection between items
    Local override; error
    @(146.9325 mm, 83.0250 mm): Pad 2 [Net-(U1-VDD3P3_CPU)] of U1 on B.Cu
    @(146.2450 mm, 81.8375 mm): Pad 32 [Net-(U1-VDD3P3_CPU)] of U1 on B.Cu
[unconnected_items]: Missing connection between items
    Local override; error
    @(146.9325 mm, 83.5250 mm): Pad 3 [Net-(U1-VDD3P3_CPU)] of U1 on B.Cu
    @(146.9325 mm, 83.0250 mm): Pad 2 [Net-(U1-VDD3P3_CPU)] of U1 on B.Cu
[unconnected_items]: Missing connection between items
    Local override; error
    @(129.4900 mm, 100.0000 mm): Pad 2 [Net-(U1-MTMS/GPIO4/ADC1_CH4)] of TH1 on B.Cu
    @(137.0100 mm, 100.0000 mm): Track [Net-(U1-MTMS/GPIO4/ADC1_CH4)] on B.Cu, length 5.4589 mm

** Found 0 Footprint errors **

** Ignored checks **
    - Footprint has no courtyard defined
    - Track endpoint not centered on via
    - Tuning profile track geometries
    - Footprint doesn't match symbol's footprint filters
    - Footprint component type doesn't match footprint pads

** End of Report **
